c:\users\devv\documents\github\inflearn_allinone\maze\x64\debug\vc143.pdb
c:\users\devv\documents\github\inflearn_allinone\maze\x64\debug\vc143.idb
c:\users\devv\documents\github\inflearn_allinone\maze\x64\debug\maze.obj
c:\users\devv\documents\github\inflearn_allinone\maze\x64\debug\list.obj
c:\users\devv\documents\github\inflearn_allinone\x64\debug\maze.exe
c:\users\devv\documents\github\inflearn_allinone\maze\x64\debug\maze.ilk
c:\users\devv\documents\github\inflearn_allinone\x64\debug\maze.pdb
d:\mvat\csharp\inflearn_allinone\maze\x64\debug\list.obj
d:\mvat\csharp\inflearn_allinone\maze\x64\debug\maze.obj
d:\mvat\csharp\inflearn_allinone\maze\x64\debug\maze.ilk
d:\mvat\csharp\inflearn_allinone\maze\x64\debug\vc143.idb
d:\mvat\csharp\inflearn_allinone\maze\x64\debug\vc143.pdb
d:\mvat\csharp\inflearn_allinone\x64\debug\maze.pdb
d:\mvat\csharp\inflearn_allinone\x64\debug\maze.exe
d:\mvat\csharp\inflearn_allinone\maze\x64\debug\maze.tlog\cl.command.1.tlog
d:\mvat\csharp\inflearn_allinone\maze\x64\debug\maze.tlog\cl.items.tlog
d:\mvat\csharp\inflearn_allinone\maze\x64\debug\maze.tlog\cl.read.1.tlog
d:\mvat\csharp\inflearn_allinone\maze\x64\debug\maze.tlog\cl.write.1.tlog
d:\mvat\csharp\inflearn_allinone\maze\x64\debug\maze.tlog\link.command.1.tlog
d:\mvat\csharp\inflearn_allinone\maze\x64\debug\maze.tlog\link.read.1.tlog
d:\mvat\csharp\inflearn_allinone\maze\x64\debug\maze.tlog\link.write.1.tlog
