c:\users\devv\documents\github\inflearn_allinone\gamecoding\x64\debug\vc143.pdb
c:\users\devv\documents\github\inflearn_allinone\gamecoding\x64\debug\vc143.idb
c:\users\devv\documents\github\inflearn_allinone\gamecoding\x64\debug\c_casting.obj
c:\users\devv\documents\github\inflearn_allinone\gamecoding\x64\debug\gamecoding.ilk
c:\users\devv\documents\github\inflearn_allinone\x64\debug\gamecoding.exe
c:\users\devv\documents\github\inflearn_allinone\x64\debug\gamecoding.pdb
d:\mvat\csharp\inflearn_allinone\gamecoding\x64\debug\20231013.obj
d:\mvat\csharp\inflearn_allinone\gamecoding\x64\debug\20231016.obj
d:\mvat\csharp\inflearn_allinone\gamecoding\x64\debug\c_casting.obj
d:\mvat\csharp\inflearn_allinone\gamecoding\x64\debug\dynamicmemoryallocation.obj
d:\mvat\csharp\inflearn_allinone\gamecoding\x64\debug\gamecoding.obj
d:\mvat\csharp\inflearn_allinone\gamecoding\x64\debug\helper.obj
d:\mvat\csharp\inflearn_allinone\gamecoding\x64\debug\map.obj
d:\mvat\csharp\inflearn_allinone\gamecoding\x64\debug\player.obj
d:\mvat\csharp\inflearn_allinone\gamecoding\x64\debug\player2.obj
d:\mvat\csharp\inflearn_allinone\gamecoding\x64\debug\gamecoding.ilk
d:\mvat\csharp\inflearn_allinone\gamecoding\x64\debug\vc142.idb
d:\mvat\csharp\inflearn_allinone\gamecoding\x64\debug\vc143.idb
d:\mvat\csharp\inflearn_allinone\gamecoding\x64\debug\vc142.pdb
d:\mvat\csharp\inflearn_allinone\gamecoding\x64\debug\vc143.pdb
d:\mvat\csharp\inflearn_allinone\x64\debug\gamecoding.pdb
d:\mvat\csharp\inflearn_allinone\x64\debug\gamecoding.exe
d:\mvat\csharp\inflearn_allinone\gamecoding\x64\debug\gamecoding.tlog\cl.command.1.tlog
d:\mvat\csharp\inflearn_allinone\gamecoding\x64\debug\gamecoding.tlog\cl.items.tlog
d:\mvat\csharp\inflearn_allinone\gamecoding\x64\debug\gamecoding.tlog\cl.read.1.tlog
d:\mvat\csharp\inflearn_allinone\gamecoding\x64\debug\gamecoding.tlog\cl.write.1.tlog
d:\mvat\csharp\inflearn_allinone\gamecoding\x64\debug\gamecoding.tlog\link.command.1.tlog
d:\mvat\csharp\inflearn_allinone\gamecoding\x64\debug\gamecoding.tlog\link.read.1.tlog
d:\mvat\csharp\inflearn_allinone\gamecoding\x64\debug\gamecoding.tlog\link.write.1.tlog
